2024-09-05T19:34:00.830353-0300 INFO Chamando função 'soma' com args (2, 5) e kwargs {} utils_log.py
2024-09-05T19:34:00.831353-0300 INFO Função 'soma' retornou 7 utils_log.py
2024-09-05T19:34:00.831353-0300 INFO Chamando função 'soma' com args ('dd', 5.5) e kwargs {} utils_log.py
2024-09-05T19:34:00.831353-0300 ERROR Exceção capturada em 'soma': can only concatenate str (not "float") to str utils_log.py
Traceback (most recent call last):

  File "D:\Projetos_Programação\jornada_de_dados\jornada_python\cod_py_04\exemplo.py", line 12, in <module>
    soma("dd",5.5)
    └ <function soma at 0x000001EF7D8C71A0>

> File "D:\Projetos_Programação\jornada_de_dados\jornada_python\cod_py_04\utils_log.py", line 27, in wrapper
    result = func(*args, **kwargs)
             │     │       └ {}
             │     └ ('dd', 5.5)
             └ <function soma at 0x000001EF7B27A340>

  File "D:\Projetos_Programação\jornada_de_dados\jornada_python\cod_py_04\exemplo.py", line 7, in soma
    return x+ y
           │  └ 5.5
           └ 'dd'

TypeError: can only concatenate str (not "float") to str
2024-09-05T19:37:32.318922-0300 INFO Chamando função 'pipeline_leitura_vendas' com args ('data', ['csv', 'parquet']) e kwargs {} utils_log.py
2024-09-05T19:37:32.318922-0300 INFO Chamando função 'extrair_dados' com args ('data',) e kwargs {} utils_log.py
2024-09-05T19:37:32.331922-0300 INFO Função 'extrair_dados' retornou             Produto    Categoria  Quantidade  Venda        Data
0    Notebook Gamer  Eletrônicos           3   1500  2023-01-15
1     Mouse Sem Fio  Eletrônicos          10     30  2023-01-15
2  Teclado Mecânico  Eletrônicos           5    100  2023-01-15 utils_log.py
2024-09-05T19:37:32.335920-0300 INFO Chamando função 'calcular_kpi_de_total_de_vendas' com args (            Produto    Categoria  Quantidade  Venda        Data
0    Notebook Gamer  Eletrônicos           3   1500  2023-01-15
1     Mouse Sem Fio  Eletrônicos          10     30  2023-01-15
2  Teclado Mecânico  Eletrônicos           5    100  2023-01-15,) e kwargs {} utils_log.py
2024-09-05T19:37:32.340921-0300 INFO Função 'calcular_kpi_de_total_de_vendas' retornou             Produto    Categoria  Quantidade  Venda        Data  Total
0    Notebook Gamer  Eletrônicos           3   1500  2023-01-15   4500
1     Mouse Sem Fio  Eletrônicos          10     30  2023-01-15    300
2  Teclado Mecânico  Eletrônicos           5    100  2023-01-15    500 utils_log.py
2024-09-05T19:37:32.344921-0300 INFO Chamando função 'carregar_dados' com args (            Produto    Categoria  Quantidade  Venda        Data  Total
0    Notebook Gamer  Eletrônicos           3   1500  2023-01-15   4500
1     Mouse Sem Fio  Eletrônicos          10     30  2023-01-15    300
2  Teclado Mecânico  Eletrônicos           5    100  2023-01-15    500, ['csv', 'parquet']) e kwargs {} utils_log.py
2024-09-05T19:37:32.348917-0300 ERROR Exceção capturada em 'carregar_dados': Unable to find a usable engine; tried using: 'pyarrow', 'fastparquet'.
A suitable version of pyarrow or fastparquet is required for parquet support.
Trying to import the above resulted in these errors:
 - Missing optional dependency 'pyarrow'. pyarrow is required for parquet support. Use pip or conda to install pyarrow.
 - Missing optional dependency 'fastparquet'. fastparquet is required for parquet support. Use pip or conda to install fastparquet. utils_log.py
Traceback (most recent call last):

  File "D:\Projetos_Programação\jornada_de_dados\jornada_python\cod_py_04\etl.py", line 35, in <module>
    pipeline_leitura_vendas(pasta,formato_saida)
    │                       │     └ ['csv', 'parquet']
    │                       └ 'data'
    └ <function pipeline_leitura_vendas at 0x000002647E41CFE0>

  File "D:\Projetos_Programação\jornada_de_dados\jornada_python\cod_py_04\utils_log.py", line 27, in wrapper
    result = func(*args, **kwargs)
             │     │       └ {}
             │     └ ('data', ['csv', 'parquet'])
             └ <function pipeline_leitura_vendas at 0x000002647E41CF40>

  File "D:\Projetos_Programação\jornada_de_dados\jornada_python\cod_py_04\etl.py", line 30, in pipeline_leitura_vendas
    carregar_dados(df_novo,formato_saida)
    │              │       └ ['csv', 'parquet']
    │              └             Produto    Categoria  Quantidade  Venda        Data  Total
    │                0    Notebook Gamer  Eletrônicos           3   1500  2...
    └ <function carregar_dados at 0x000002647E41CEA0>

> File "D:\Projetos_Programação\jornada_de_dados\jornada_python\cod_py_04\utils_log.py", line 27, in wrapper
    result = func(*args, **kwargs)
             │     │       └ {}
             │     └ (            Produto    Categoria  Quantidade  Venda        Data  Total
             │       0    Notebook Gamer  Eletrônicos           3   1500  ...
             └ <function carregar_dados at 0x000002647E41CE00>

  File "D:\Projetos_Programação\jornada_de_dados\jornada_python\cod_py_04\etl.py", line 25, in carregar_dados
    df.to_parquet("df_tratado.parquet")
    │  └ <function DataFrame.to_parquet at 0x000002647CE762A0>
    └             Produto    Categoria  Quantidade  Venda        Data  Total
      0    Notebook Gamer  Eletrônicos           3   1500  2...

  File "D:\Projetos_Programação\jornada_de_dados\jornada_python\cod_py_04\.venv\Lib\site-packages\pandas\util\_decorators.py", line 333, in wrapper
    return func(*args, **kwargs)
           │     │       └ {}
           │     └ (            Produto    Categoria  Quantidade  Venda        Data  Total
           │       0    Notebook Gamer  Eletrônicos           3   1500  ...
           └ <function DataFrame.to_parquet at 0x000002647CE76160>
  File "D:\Projetos_Programação\jornada_de_dados\jornada_python\cod_py_04\.venv\Lib\site-packages\pandas\core\frame.py", line 3113, in to_parquet
    return to_parquet(
           └ <function to_parquet at 0x000002647D0F09A0>
  File "D:\Projetos_Programação\jornada_de_dados\jornada_python\cod_py_04\.venv\Lib\site-packages\pandas\io\parquet.py", line 476, in to_parquet
    impl = get_engine(engine)
           │          └ 'auto'
           └ <function get_engine at 0x000002647D0CA2A0>
  File "D:\Projetos_Programação\jornada_de_dados\jornada_python\cod_py_04\.venv\Lib\site-packages\pandas\io\parquet.py", line 67, in get_engine
    raise ImportError(

ImportError: Unable to find a usable engine; tried using: 'pyarrow', 'fastparquet'.
A suitable version of pyarrow or fastparquet is required for parquet support.
Trying to import the above resulted in these errors:
 - Missing optional dependency 'pyarrow'. pyarrow is required for parquet support. Use pip or conda to install pyarrow.
 - Missing optional dependency 'fastparquet'. fastparquet is required for parquet support. Use pip or conda to install fastparquet.
2024-09-05T19:37:32.388925-0300 ERROR Exceção capturada em 'pipeline_leitura_vendas': Unable to find a usable engine; tried using: 'pyarrow', 'fastparquet'.
A suitable version of pyarrow or fastparquet is required for parquet support.
Trying to import the above resulted in these errors:
 - Missing optional dependency 'pyarrow'. pyarrow is required for parquet support. Use pip or conda to install pyarrow.
 - Missing optional dependency 'fastparquet'. fastparquet is required for parquet support. Use pip or conda to install fastparquet. utils_log.py
Traceback (most recent call last):

  File "D:\Projetos_Programação\jornada_de_dados\jornada_python\cod_py_04\etl.py", line 35, in <module>
    pipeline_leitura_vendas(pasta,formato_saida)
    │                       │     └ ['csv', 'parquet']
    │                       └ 'data'
    └ <function pipeline_leitura_vendas at 0x000002647E41CFE0>

> File "D:\Projetos_Programação\jornada_de_dados\jornada_python\cod_py_04\utils_log.py", line 27, in wrapper
    result = func(*args, **kwargs)
             │     │       └ {}
             │     └ ('data', ['csv', 'parquet'])
             └ <function pipeline_leitura_vendas at 0x000002647E41CF40>

  File "D:\Projetos_Programação\jornada_de_dados\jornada_python\cod_py_04\etl.py", line 30, in pipeline_leitura_vendas
    carregar_dados(df_novo,formato_saida)
    │              │       └ ['csv', 'parquet']
    │              └             Produto    Categoria  Quantidade  Venda        Data  Total
    │                0    Notebook Gamer  Eletrônicos           3   1500  2...
    └ <function carregar_dados at 0x000002647E41CEA0>

  File "D:\Projetos_Programação\jornada_de_dados\jornada_python\cod_py_04\utils_log.py", line 27, in wrapper
    result = func(*args, **kwargs)
             │     │       └ {}
             │     └ (            Produto    Categoria  Quantidade  Venda        Data  Total
             │       0    Notebook Gamer  Eletrônicos           3   1500  ...
             └ <function carregar_dados at 0x000002647E41CE00>

  File "D:\Projetos_Programação\jornada_de_dados\jornada_python\cod_py_04\etl.py", line 25, in carregar_dados
    df.to_parquet("df_tratado.parquet")
    │  └ <function DataFrame.to_parquet at 0x000002647CE762A0>
    └             Produto    Categoria  Quantidade  Venda        Data  Total
      0    Notebook Gamer  Eletrônicos           3   1500  2...

  File "D:\Projetos_Programação\jornada_de_dados\jornada_python\cod_py_04\.venv\Lib\site-packages\pandas\util\_decorators.py", line 333, in wrapper
    return func(*args, **kwargs)
           │     │       └ {}
           │     └ (            Produto    Categoria  Quantidade  Venda        Data  Total
           │       0    Notebook Gamer  Eletrônicos           3   1500  ...
           └ <function DataFrame.to_parquet at 0x000002647CE76160>
  File "D:\Projetos_Programação\jornada_de_dados\jornada_python\cod_py_04\.venv\Lib\site-packages\pandas\core\frame.py", line 3113, in to_parquet
    return to_parquet(
           └ <function to_parquet at 0x000002647D0F09A0>
  File "D:\Projetos_Programação\jornada_de_dados\jornada_python\cod_py_04\.venv\Lib\site-packages\pandas\io\parquet.py", line 476, in to_parquet
    impl = get_engine(engine)
           │          └ 'auto'
           └ <function get_engine at 0x000002647D0CA2A0>
  File "D:\Projetos_Programação\jornada_de_dados\jornada_python\cod_py_04\.venv\Lib\site-packages\pandas\io\parquet.py", line 67, in get_engine
    raise ImportError(

ImportError: Unable to find a usable engine; tried using: 'pyarrow', 'fastparquet'.
A suitable version of pyarrow or fastparquet is required for parquet support.
Trying to import the above resulted in these errors:
 - Missing optional dependency 'pyarrow'. pyarrow is required for parquet support. Use pip or conda to install pyarrow.
 - Missing optional dependency 'fastparquet'. fastparquet is required for parquet support. Use pip or conda to install fastparquet.
2024-09-05T19:38:24.799998-0300 INFO Chamando função 'pipeline_leitura_vendas' com args ('data', ['csv', 'parquet']) e kwargs {} utils_log.py
2024-09-05T19:38:24.799998-0300 INFO Chamando função 'extrair_dados' com args ('data',) e kwargs {} utils_log.py
2024-09-05T19:38:24.809997-0300 INFO Função 'extrair_dados' retornou             Produto    Categoria  Quantidade  Venda        Data
0    Notebook Gamer  Eletrônicos           3   1500  2023-01-15
1     Mouse Sem Fio  Eletrônicos          10     30  2023-01-15
2  Teclado Mecânico  Eletrônicos           5    100  2023-01-15 utils_log.py
2024-09-05T19:38:24.813999-0300 INFO Chamando função 'calcular_kpi_de_total_de_vendas' com args (            Produto    Categoria  Quantidade  Venda        Data
0    Notebook Gamer  Eletrônicos           3   1500  2023-01-15
1     Mouse Sem Fio  Eletrônicos          10     30  2023-01-15
2  Teclado Mecânico  Eletrônicos           5    100  2023-01-15,) e kwargs {} utils_log.py
2024-09-05T19:38:24.818999-0300 INFO Função 'calcular_kpi_de_total_de_vendas' retornou             Produto    Categoria  Quantidade  Venda        Data  Total
0    Notebook Gamer  Eletrônicos           3   1500  2023-01-15   4500
1     Mouse Sem Fio  Eletrônicos          10     30  2023-01-15    300
2  Teclado Mecânico  Eletrônicos           5    100  2023-01-15    500 utils_log.py
2024-09-05T19:38:24.823998-0300 INFO Chamando função 'carregar_dados' com args (            Produto    Categoria  Quantidade  Venda        Data  Total
0    Notebook Gamer  Eletrônicos           3   1500  2023-01-15   4500
1     Mouse Sem Fio  Eletrônicos          10     30  2023-01-15    300
2  Teclado Mecânico  Eletrônicos           5    100  2023-01-15    500, ['csv', 'parquet']) e kwargs {} utils_log.py
2024-09-05T19:38:24.827001-0300 ERROR Exceção capturada em 'carregar_dados': Unable to find a usable engine; tried using: 'pyarrow', 'fastparquet'.
A suitable version of pyarrow or fastparquet is required for parquet support.
Trying to import the above resulted in these errors:
 - Missing optional dependency 'pyarrow'. pyarrow is required for parquet support. Use pip or conda to install pyarrow.
 - Missing optional dependency 'fastparquet'. fastparquet is required for parquet support. Use pip or conda to install fastparquet. utils_log.py
Traceback (most recent call last):

  File "D:\Projetos_Programação\jornada_de_dados\jornada_python\cod_py_04\pipeline.py", line 5, in <module>
    pipeline_leitura_vendas(pasta,formato_saida)
    │                       │     └ ['csv', 'parquet']
    │                       └ 'data'
    └ <function pipeline_leitura_vendas at 0x00000253A9CCD260>

  File "D:\Projetos_Programação\jornada_de_dados\jornada_python\cod_py_04\utils_log.py", line 27, in wrapper
    result = func(*args, **kwargs)
             │     │       └ {}
             │     └ ('data', ['csv', 'parquet'])
             └ <function pipeline_leitura_vendas at 0x00000253A9CCD1C0>

  File "D:\Projetos_Programação\jornada_de_dados\jornada_python\cod_py_04\etl.py", line 31, in pipeline_leitura_vendas
    carregar_dados(df_novo,formato_saida)
    │              │       └ ['csv', 'parquet']
    │              └             Produto    Categoria  Quantidade  Venda        Data  Total
    │                0    Notebook Gamer  Eletrônicos           3   1500  2...
    └ <function carregar_dados at 0x00000253A9CCD120>

> File "D:\Projetos_Programação\jornada_de_dados\jornada_python\cod_py_04\utils_log.py", line 27, in wrapper
    result = func(*args, **kwargs)
             │     │       └ {}
             │     └ (            Produto    Categoria  Quantidade  Venda        Data  Total
             │       0    Notebook Gamer  Eletrônicos           3   1500  ...
             └ <function carregar_dados at 0x00000253A9CCD080>

  File "D:\Projetos_Programação\jornada_de_dados\jornada_python\cod_py_04\etl.py", line 25, in carregar_dados
    df.to_parquet("df_tratado.parquet")
    │  └ <function DataFrame.to_parquet at 0x00000253A873A520>
    └             Produto    Categoria  Quantidade  Venda        Data  Total
      0    Notebook Gamer  Eletrônicos           3   1500  2...

  File "D:\Projetos_Programação\jornada_de_dados\jornada_python\cod_py_04\.venv\Lib\site-packages\pandas\util\_decorators.py", line 333, in wrapper
    return func(*args, **kwargs)
           │     │       └ {}
           │     └ (            Produto    Categoria  Quantidade  Venda        Data  Total
           │       0    Notebook Gamer  Eletrônicos           3   1500  ...
           └ <function DataFrame.to_parquet at 0x00000253A873A3E0>
  File "D:\Projetos_Programação\jornada_de_dados\jornada_python\cod_py_04\.venv\Lib\site-packages\pandas\core\frame.py", line 3113, in to_parquet
    return to_parquet(
           └ <function to_parquet at 0x00000253A899CC20>
  File "D:\Projetos_Programação\jornada_de_dados\jornada_python\cod_py_04\.venv\Lib\site-packages\pandas\io\parquet.py", line 476, in to_parquet
    impl = get_engine(engine)
           │          └ 'auto'
           └ <function get_engine at 0x00000253A893F880>
  File "D:\Projetos_Programação\jornada_de_dados\jornada_python\cod_py_04\.venv\Lib\site-packages\pandas\io\parquet.py", line 67, in get_engine
    raise ImportError(

ImportError: Unable to find a usable engine; tried using: 'pyarrow', 'fastparquet'.
A suitable version of pyarrow or fastparquet is required for parquet support.
Trying to import the above resulted in these errors:
 - Missing optional dependency 'pyarrow'. pyarrow is required for parquet support. Use pip or conda to install pyarrow.
 - Missing optional dependency 'fastparquet'. fastparquet is required for parquet support. Use pip or conda to install fastparquet.
2024-09-05T19:38:24.865999-0300 ERROR Exceção capturada em 'pipeline_leitura_vendas': Unable to find a usable engine; tried using: 'pyarrow', 'fastparquet'.
A suitable version of pyarrow or fastparquet is required for parquet support.
Trying to import the above resulted in these errors:
 - Missing optional dependency 'pyarrow'. pyarrow is required for parquet support. Use pip or conda to install pyarrow.
 - Missing optional dependency 'fastparquet'. fastparquet is required for parquet support. Use pip or conda to install fastparquet. utils_log.py
Traceback (most recent call last):

  File "D:\Projetos_Programação\jornada_de_dados\jornada_python\cod_py_04\pipeline.py", line 5, in <module>
    pipeline_leitura_vendas(pasta,formato_saida)
    │                       │     └ ['csv', 'parquet']
    │                       └ 'data'
    └ <function pipeline_leitura_vendas at 0x00000253A9CCD260>

> File "D:\Projetos_Programação\jornada_de_dados\jornada_python\cod_py_04\utils_log.py", line 27, in wrapper
    result = func(*args, **kwargs)
             │     │       └ {}
             │     └ ('data', ['csv', 'parquet'])
             └ <function pipeline_leitura_vendas at 0x00000253A9CCD1C0>

  File "D:\Projetos_Programação\jornada_de_dados\jornada_python\cod_py_04\etl.py", line 31, in pipeline_leitura_vendas
    carregar_dados(df_novo,formato_saida)
    │              │       └ ['csv', 'parquet']
    │              └             Produto    Categoria  Quantidade  Venda        Data  Total
    │                0    Notebook Gamer  Eletrônicos           3   1500  2...
    └ <function carregar_dados at 0x00000253A9CCD120>

  File "D:\Projetos_Programação\jornada_de_dados\jornada_python\cod_py_04\utils_log.py", line 27, in wrapper
    result = func(*args, **kwargs)
             │     │       └ {}
             │     └ (            Produto    Categoria  Quantidade  Venda        Data  Total
             │       0    Notebook Gamer  Eletrônicos           3   1500  ...
             └ <function carregar_dados at 0x00000253A9CCD080>

  File "D:\Projetos_Programação\jornada_de_dados\jornada_python\cod_py_04\etl.py", line 25, in carregar_dados
    df.to_parquet("df_tratado.parquet")
    │  └ <function DataFrame.to_parquet at 0x00000253A873A520>
    └             Produto    Categoria  Quantidade  Venda        Data  Total
      0    Notebook Gamer  Eletrônicos           3   1500  2...

  File "D:\Projetos_Programação\jornada_de_dados\jornada_python\cod_py_04\.venv\Lib\site-packages\pandas\util\_decorators.py", line 333, in wrapper
    return func(*args, **kwargs)
           │     │       └ {}
           │     └ (            Produto    Categoria  Quantidade  Venda        Data  Total
           │       0    Notebook Gamer  Eletrônicos           3   1500  ...
           └ <function DataFrame.to_parquet at 0x00000253A873A3E0>
  File "D:\Projetos_Programação\jornada_de_dados\jornada_python\cod_py_04\.venv\Lib\site-packages\pandas\core\frame.py", line 3113, in to_parquet
    return to_parquet(
           └ <function to_parquet at 0x00000253A899CC20>
  File "D:\Projetos_Programação\jornada_de_dados\jornada_python\cod_py_04\.venv\Lib\site-packages\pandas\io\parquet.py", line 476, in to_parquet
    impl = get_engine(engine)
           │          └ 'auto'
           └ <function get_engine at 0x00000253A893F880>
  File "D:\Projetos_Programação\jornada_de_dados\jornada_python\cod_py_04\.venv\Lib\site-packages\pandas\io\parquet.py", line 67, in get_engine
    raise ImportError(

ImportError: Unable to find a usable engine; tried using: 'pyarrow', 'fastparquet'.
A suitable version of pyarrow or fastparquet is required for parquet support.
Trying to import the above resulted in these errors:
 - Missing optional dependency 'pyarrow'. pyarrow is required for parquet support. Use pip or conda to install pyarrow.
 - Missing optional dependency 'fastparquet'. fastparquet is required for parquet support. Use pip or conda to install fastparquet.
